<?xml version="1.0" encoding="utf-8" ?>
<!DOCTYPE html PUBLIC "-//W3C//DTD XHTML 1.0 Strict//EN"
        "http://www.w3.org/TR/xhtml1/DTD/xhtml1-strict.dtd">
<html xmlns="http://www.w3.org/1999/xhtml" xml:lang="" lang="">
<head>
  <title>Test Results Report - Smoke Test</title>
  <meta http-equiv="Content-Type" content="text/html;charset=utf-8" />
  <meta name="description" content="TestNG unit test results." />
  <link href="reportng.css" rel="stylesheet" type="text/css" />
    <script type="text/javascript" src="reportng.js"></script>
</head>
<body>
<h1>Smoke Test</h1>
<p>
  Test duration: 86.940s
</p>



  <table class="resultsTable">
    <tr><th colspan="3" class="header failed">Failed Tests</th></tr>
          <tr>
        <td colspan="3" class="group">com.tutorialsninja.testsuite.desktops.DesktopsTest</td>
      </tr>
            
<tr>
  <td class="method">
                  verifyProductAddedToShoppingCartSuccessFully
      </td>
  <td class="duration">
    32.606s
  </td>
  <td class="result">
        
    
            <div class="testOutput">
                        Clicking on Show all Desktops[[ChromeDriver: chrome on WINDOWS (c0b8c88471024eab9114d1c7c04c636c)] -&gt; xpath: //a[normalize-space()=&apos;Show AllDesktops&apos;]]<br />
                                select A to Zfrom[[ChromeDriver: chrome on WINDOWS (c0b8c88471024eab9114d1c7c04c636c)] -&gt; id: input-sort]<br />
                                Clicking on product HPLP3065 [[ChromeDriver: chrome on WINDOWS (c0b8c88471024eab9114d1c7c04c636c)] -&gt; xpath: //a[contains(text(),&apos;HP LP3065&apos;)]]<br />
                                Getting HPLP3065 text [[ChromeDriver: chrome on WINDOWS (c0b8c88471024eab9114d1c7c04c636c)] -&gt; xpath: //h1[contains(text(),&apos;HP LP3065&apos;)]]<br />
                                clearing current quantity and adding the specified amount<br />
                                Clicking on add to cart Button [[ChromeDriver: chrome on WINDOWS (c0b8c88471024eab9114d1c7c04c636c)] -&gt; xpath: //button[@id=&apos;button-cart&apos;]]<br />
                                Verifying if success message contains Success: You have added HP LP3065 to your shopping cart!<br />
                  </div>
    

        <a href="javascript:toggleElement('exception-0', 'block')" title="Click to expand/collapse"><b>org.openqa.selenium.NoSuchElementException: no such element: Unable to locate element: {&quot;method&quot;:&quot;css selector&quot;,&quot;selector&quot;:&quot;body:nth-child(2) div.container:nth-child(4) &gt; div.alert.alert-success.alert-dismissible&quot;}<br/>
&nbsp; (Session info: chrome=112.0.5615.138)<br/>
For documentation on this error, please visit: https://selenium.dev/exceptions/#no_such_element<br/>
Build info: version: &apos;4.9.0&apos;, revision: &apos;d7057100a6&apos;<br/>
System info: os.name: &apos;Windows 10&apos;, os.arch: &apos;amd64&apos;, os.version: &apos;10.0&apos;, java.version: &apos;1.8.0_121&apos;<br/>
Driver info: org.openqa.selenium.chrome.ChromeDriver<br/>
Command: [c0b8c88471024eab9114d1c7c04c636c, findElement {using=css selector, value=body:nth-child(2) div.container:nth-child(4) &gt; div.alert.alert-success.alert-dismissible}]<br/>
Capabilities {acceptInsecureCerts: false, browserName: chrome, browserVersion: 112.0.5615.138, chrome: {chromedriverVersion: 112.0.5615.49 (bd2a7bcb881c..., userDataDir: C:\Users\shwet\AppData\Loca...}, goog:chromeOptions: {debuggerAddress: localhost:51361}, networkConnectionEnabled: false, pageLoadStrategy: normal, platformName: WINDOWS, proxy: Proxy(), se:cdp: ws://localhost:51361/devtoo..., se:cdpVersion: 112.0.5615.138, setWindowRect: true, strictFileInteractability: false, timeouts: {implicit: 0, pageLoad: 300000, script: 30000}, unhandledPromptBehavior: dismiss and notify, webauthn:extension:credBlob: true, webauthn:extension:largeBlob: true, webauthn:extension:minPinLength: true, webauthn:extension:prf: true, webauthn:virtualAuthenticators: true}<br/>
Session ID: c0b8c88471024eab9114d1c7c04c636c</b></a><br />
    <div class="stackTrace" id="exception-0">
              sun.reflect.NativeConstructorAccessorImpl.newInstance0(Native Method)<br />
              sun.reflect.NativeConstructorAccessorImpl.newInstance(NativeConstructorAccessorImpl.java:62)<br />
              sun.reflect.DelegatingConstructorAccessorImpl.newInstance(DelegatingConstructorAccessorImpl.java:45)<br />
              java.lang.reflect.Constructor.newInstance(Constructor.java:423)<br />
              org.openqa.selenium.remote.codec.w3c.W3CHttpResponseCodec.createException(W3CHttpResponseCodec.java:200)<br />
              org.openqa.selenium.remote.codec.w3c.W3CHttpResponseCodec.decode(W3CHttpResponseCodec.java:133)<br />
              org.openqa.selenium.remote.codec.w3c.W3CHttpResponseCodec.decode(W3CHttpResponseCodec.java:53)<br />
              org.openqa.selenium.remote.HttpCommandExecutor.execute(HttpCommandExecutor.java:193)<br />
              org.openqa.selenium.remote.service.DriverCommandExecutor.invokeExecute(DriverCommandExecutor.java:183)<br />
              org.openqa.selenium.remote.service.DriverCommandExecutor.execute(DriverCommandExecutor.java:158)<br />
              org.openqa.selenium.remote.RemoteWebDriver.execute(RemoteWebDriver.java:543)<br />
              org.openqa.selenium.remote.ElementLocation$ElementFinder$2.findElement(ElementLocation.java:162)<br />
              org.openqa.selenium.remote.ElementLocation.findElement(ElementLocation.java:60)<br />
              org.openqa.selenium.remote.RemoteWebDriver.findElement(RemoteWebDriver.java:352)<br />
              org.openqa.selenium.remote.RemoteWebDriver.findElement(RemoteWebDriver.java:344)<br />
              org.openqa.selenium.support.pagefactory.DefaultElementLocator.findElement(DefaultElementLocator.java:70)<br />
              org.openqa.selenium.support.pagefactory.internal.LocatingElementHandler.invoke(LocatingElementHandler.java:39)<br />
              com.sun.proxy.$Proxy17.getText(Unknown Source)<br />
              com.tutorialsninja.utility.Utility.getTextFromElement(Utility.java:61)<br />
              com.tutorialsninja.pages.ProductPage.isSuccessMessageAppearing(ProductPage.java:85)<br />
              com.tutorialsninja.testsuite.desktops.DesktopsTest.verifyProductAddedToShoppingCartSuccessFully(DesktopsTest.java:56)<br />
              sun.reflect.NativeMethodAccessorImpl.invoke0(Native Method)<br />
              sun.reflect.NativeMethodAccessorImpl.invoke(NativeMethodAccessorImpl.java:62)<br />
              sun.reflect.DelegatingMethodAccessorImpl.invoke(DelegatingMethodAccessorImpl.java:43)<br />
              java.lang.reflect.Method.invoke(Method.java:498)<br />
              org.testng.internal.invokers.MethodInvocationHelper.invokeMethod(MethodInvocationHelper.java:135)<br />
              org.testng.internal.invokers.TestInvoker.invokeMethod(TestInvoker.java:673)<br />
              org.testng.internal.invokers.TestInvoker.invokeTestMethod(TestInvoker.java:220)<br />
              org.testng.internal.invokers.MethodRunner.runInSequence(MethodRunner.java:50)<br />
              org.testng.internal.invokers.TestInvoker$MethodInvocationAgent.invoke(TestInvoker.java:945)<br />
              org.testng.internal.invokers.TestInvoker.invokeTestMethods(TestInvoker.java:193)<br />
              org.testng.internal.invokers.TestMethodWorker.invokeTestMethods(TestMethodWorker.java:146)<br />
              org.testng.internal.invokers.TestMethodWorker.run(TestMethodWorker.java:128)<br />
              java.util.ArrayList.forEach(ArrayList.java:1249)<br />
              org.testng.TestRunner.privateRun(TestRunner.java:808)<br />
              org.testng.TestRunner.run(TestRunner.java:603)<br />
              org.testng.SuiteRunner.runTest(SuiteRunner.java:429)<br />
              org.testng.SuiteRunner.runSequentially(SuiteRunner.java:423)<br />
              org.testng.SuiteRunner.privateRun(SuiteRunner.java:383)<br />
              org.testng.SuiteRunner.run(SuiteRunner.java:326)<br />
              org.testng.SuiteRunnerWorker.runSuite(SuiteRunnerWorker.java:52)<br />
              org.testng.SuiteRunnerWorker.run(SuiteRunnerWorker.java:95)<br />
              org.testng.TestNG.runSuitesSequentially(TestNG.java:1249)<br />
              org.testng.TestNG.runSuitesLocally(TestNG.java:1169)<br />
              org.testng.TestNG.runSuites(TestNG.java:1092)<br />
              org.testng.TestNG.run(TestNG.java:1060)<br />
              com.intellij.rt.testng.IDEARemoteTestNG.run(IDEARemoteTestNG.java:66)<br />
              com.intellij.rt.testng.RemoteTestNGStarter.main(RemoteTestNGStarter.java:109)<br />
                </div>
      </td>
</tr>
          <tr>
        <td colspan="3" class="group">com.tutorialsninja.testsuite.laptopsandnotebooks.LaptopsAndNotebooksTest</td>
      </tr>
            
<tr>
  <td class="method">
                  verifyThatUserPlaceOrderSuccessfully
      </td>
  <td class="duration">
    28.965s
  </td>
  <td class="result">
        
    
            <div class="testOutput">
                        Clicking on Show all Desktops[[ChromeDriver: chrome on WINDOWS (d4c0b8f7c6f25d7dcdee21f7407dc882)] -&gt; xpath: //a[normalize-space()=&apos;Show AllLaptops &amp; Notebooks&apos;]]<br />
                                selecting Price (High &gt; Low)<br />
                                Clicking on macbook [[ChromeDriver: chrome on WINDOWS (d4c0b8f7c6f25d7dcdee21f7407dc882)] -&gt; link text: MacBook]<br />
                                Getting macbook text [[ChromeDriver: chrome on WINDOWS (d4c0b8f7c6f25d7dcdee21f7407dc882)] -&gt; xpath: //h1[contains(text(),&apos;MacBook&apos;)]]<br />
                                Clicking on add to cart Button [[ChromeDriver: chrome on WINDOWS (d4c0b8f7c6f25d7dcdee21f7407dc882)] -&gt; xpath: //button[@id=&apos;button-cart&apos;]]<br />
                                Verifying if success message contains Success: You have added MacBook to your shopping cart!<br />
                                Clicking on shopping cart [[ChromeDriver: chrome on WINDOWS (d4c0b8f7c6f25d7dcdee21f7407dc882)] -&gt; xpath: //div[@class=&apos;alert alert-success alert-dismissible&apos;]/a[2]]<br />
                                Verifying if success message contains Shopping Cart<br />
                                Verifying if success message contains Success: You have added HP LP3065 to your shopping cart!<br />
                                Clicking on checkout Button [[ChromeDriver: chrome on WINDOWS (d4c0b8f7c6f25d7dcdee21f7407dc882)] -&gt; css selector: a.btn.btn-primary]<br />
                                Getting checkout text [[ChromeDriver: chrome on WINDOWS (d4c0b8f7c6f25d7dcdee21f7407dc882)] -&gt; xpath: //h1[contains(text(),&apos;Checkout&apos;)]]<br />
                                Getting new customer text [[ChromeDriver: chrome on WINDOWS (d4c0b8f7c6f25d7dcdee21f7407dc882)] -&gt; xpath: //h2[contains(text(),&apos;New Customer&apos;)]]<br />
                                Clicking on radio button [[ChromeDriver: chrome on WINDOWS (d4c0b8f7c6f25d7dcdee21f7407dc882)] -&gt; xpath: //div[@id=&apos;checkout-checkout&apos;]//input[@value=&apos;guest&apos;]]<br />
                                Clicking on continue button [[ChromeDriver: chrome on WINDOWS (d4c0b8f7c6f25d7dcdee21f7407dc882)] -&gt; xpath: //input[@id=&apos;button-account&apos;]]<br />
                                Enter nameSitato first name field [[ChromeDriver: chrome on WINDOWS (d4c0b8f7c6f25d7dcdee21f7407dc882)] -&gt; id: input-payment-firstname]<br />
                                Enter nameRamto last name field [[ChromeDriver: chrome on WINDOWS (d4c0b8f7c6f25d7dcdee21f7407dc882)] -&gt; id: input-payment-lastname]<br />
                                Enter emailSit_aramu8I2@gmail.comto email field [[ChromeDriver: chrome on WINDOWS (d4c0b8f7c6f25d7dcdee21f7407dc882)] -&gt; id: input-payment-email]<br />
                                Enter telephone078567456475to field [[ChromeDriver: chrome on WINDOWS (d4c0b8f7c6f25d7dcdee21f7407dc882)] -&gt; id: input-payment-telephone]<br />
                                Enter address111,Missenden Houseto field [[ChromeDriver: chrome on WINDOWS (d4c0b8f7c6f25d7dcdee21f7407dc882)] -&gt; id: input-payment-address-1]<br />
                                Enter cityCheshamto field [[ChromeDriver: chrome on WINDOWS (d4c0b8f7c6f25d7dcdee21f7407dc882)] -&gt; id: input-payment-city]<br />
                                Enter psotcodeWD23 5TNto field [[ChromeDriver: chrome on WINDOWS (d4c0b8f7c6f25d7dcdee21f7407dc882)] -&gt; id: input-payment-postcode]<br />
                                Enter countryUnited Kingdomto field [[ChromeDriver: chrome on WINDOWS (d4c0b8f7c6f25d7dcdee21f7407dc882)] -&gt; id: input-payment-country]<br />
                                Enter regionHerefordto field [[ChromeDriver: chrome on WINDOWS (d4c0b8f7c6f25d7dcdee21f7407dc882)] -&gt; id: input-payment-zone]<br />
                  </div>
    

        <a href="javascript:toggleElement('exception-1', 'block')" title="Click to expand/collapse"><b>org.openqa.selenium.NoSuchElementException: Cannot locate option with text: Hereford<br/>
For documentation on this error, please visit: https://selenium.dev/exceptions/#no_such_element<br/>
Build info: version: &apos;4.9.0&apos;, revision: &apos;d7057100a6&apos;<br/>
System info: os.name: &apos;Windows 10&apos;, os.arch: &apos;amd64&apos;, os.version: &apos;10.0&apos;, java.version: &apos;1.8.0_121&apos;<br/>
Driver info: driver.version: unknown</b></a><br />
    <div class="stackTrace" id="exception-1">
              org.openqa.selenium.support.ui.Select.selectByVisibleText(Select.java:153)<br />
              com.tutorialsninja.utility.Utility.selectByVisibleTextFromDropDown(Utility.java:145)<br />
              com.tutorialsninja.pages.CheckoutPage.enterBillingDetailsRegionOrState(CheckoutPage.java:165)<br />
              com.tutorialsninja.testsuite.laptopsandnotebooks.LaptopsAndNotebooksTest.verifyThatUserPlaceOrderSuccessfully(LaptopsAndNotebooksTest.java:86)<br />
              sun.reflect.NativeMethodAccessorImpl.invoke0(Native Method)<br />
              sun.reflect.NativeMethodAccessorImpl.invoke(NativeMethodAccessorImpl.java:62)<br />
              sun.reflect.DelegatingMethodAccessorImpl.invoke(DelegatingMethodAccessorImpl.java:43)<br />
              java.lang.reflect.Method.invoke(Method.java:498)<br />
              org.testng.internal.invokers.MethodInvocationHelper.invokeMethod(MethodInvocationHelper.java:135)<br />
              org.testng.internal.invokers.TestInvoker.invokeMethod(TestInvoker.java:673)<br />
              org.testng.internal.invokers.TestInvoker.invokeTestMethod(TestInvoker.java:220)<br />
              org.testng.internal.invokers.MethodRunner.runInSequence(MethodRunner.java:50)<br />
              org.testng.internal.invokers.TestInvoker$MethodInvocationAgent.invoke(TestInvoker.java:945)<br />
              org.testng.internal.invokers.TestInvoker.invokeTestMethods(TestInvoker.java:193)<br />
              org.testng.internal.invokers.TestMethodWorker.invokeTestMethods(TestMethodWorker.java:146)<br />
              org.testng.internal.invokers.TestMethodWorker.run(TestMethodWorker.java:128)<br />
              java.util.ArrayList.forEach(ArrayList.java:1249)<br />
              org.testng.TestRunner.privateRun(TestRunner.java:808)<br />
              org.testng.TestRunner.run(TestRunner.java:603)<br />
              org.testng.SuiteRunner.runTest(SuiteRunner.java:429)<br />
              org.testng.SuiteRunner.runSequentially(SuiteRunner.java:423)<br />
              org.testng.SuiteRunner.privateRun(SuiteRunner.java:383)<br />
              org.testng.SuiteRunner.run(SuiteRunner.java:326)<br />
              org.testng.SuiteRunnerWorker.runSuite(SuiteRunnerWorker.java:52)<br />
              org.testng.SuiteRunnerWorker.run(SuiteRunnerWorker.java:95)<br />
              org.testng.TestNG.runSuitesSequentially(TestNG.java:1249)<br />
              org.testng.TestNG.runSuitesLocally(TestNG.java:1169)<br />
              org.testng.TestNG.runSuites(TestNG.java:1092)<br />
              org.testng.TestNG.run(TestNG.java:1060)<br />
              com.intellij.rt.testng.IDEARemoteTestNG.run(IDEARemoteTestNG.java:66)<br />
              com.intellij.rt.testng.RemoteTestNGStarter.main(RemoteTestNGStarter.java:109)<br />
                </div>
      </td>
</tr>
      </table>


  <table class="resultsTable">
    <tr><th colspan="3" class="header passed">Passed Tests</th></tr>
          <tr>
        <td colspan="3" class="group">com.tutorialsninja.testsuite.homepage.TopMenuTest</td>
      </tr>
            
<tr>
  <td class="method">
                  verifyUserShouldNavigateToLaptopsAndNotebooksPageSuccessfully
      </td>
  <td class="duration">
    0.990s
  </td>
  <td class="result">
        
    
            <div class="testOutput">
                        Hovering and Clicking on laptops and notebooks [[ChromeDriver: chrome on WINDOWS (3b8c2ede6b3307663c238f110a124076)] -&gt; link text: Laptops &amp; Notebooks]<br />
                                Clicking on Show all Desktops[[ChromeDriver: chrome on WINDOWS (3b8c2ede6b3307663c238f110a124076)] -&gt; xpath: //a[normalize-space()=&apos;Show AllLaptops &amp; Notebooks&apos;]]<br />
                  </div>
    

      </td>
</tr>
          <tr>
        <td colspan="3" class="group">com.tutorialsninja.testsuite.myaccounts.MyAccountsTest</td>
      </tr>
            
<tr>
  <td class="method">
                  verifyUserShouldNavigateToLoginPageSuccessfully
      </td>
  <td class="duration">
    0.469s
  </td>
  <td class="result">
        
    
            <div class="testOutput">
                        Clicking on my account [[ChromeDriver: chrome on WINDOWS (244c8fbdc294ed1a575c786073234ddd)] -&gt; xpath: //span[contains(text(),&apos;My Account&apos;)]]<br />
                                Getting login account text [[ChromeDriver: chrome on WINDOWS (244c8fbdc294ed1a575c786073234ddd)] -&gt; xpath: //h2[contains(text(),&apos;Returning Customer&apos;)]]<br />
                  </div>
    

      </td>
</tr>
      </table>
  
</body>
</html>
